<?xml version="1.0" encoding="UTF-8"?>
<!-- Generated by org.testng.reporters.JUnitReportReporter -->
<testsuite hostname="sumanth" name="com.finance.testscript.Discover_Testscript" tests="2" failures="0" timestamp="29 Jul 2016 05:49:46 GMT" time="23.607" errors="0">
  <testcase name="Login" time="15.239" classname="com.finance.testscript.Discover_Testscript"/>
  <testcase name="MovetoStatementPage" time="8.368" classname="com.finance.testscript.Discover_Testscript"/>
</testsuite> <!-- com.finance.testscript.Discover_Testscript -->
